E:\我的坚果云\VS\数据结构\SORT\SORT\DEBUG\MAIN.OBJ
E:\我的坚果云\VS\数据结构\SORT\SORT\DEBUG\VC110.PDB
E:\我的坚果云\VS\数据结构\SORT\DEBUG\SORT.ILK
E:\我的坚果云\VS\数据结构\SORT\DEBUG\SORT.EXE
E:\我的坚果云\VS\数据结构\SORT\DEBUG\SORT.PDB
E:\我的坚果云\VS\数据结构\Sort\Sort\Debug\Main.obj
E:\我的坚果云\VS\数据结构\Sort\Sort\Debug\cl.command.1.tlog
E:\我的坚果云\VS\数据结构\Sort\Sort\Debug\CL.read.1.tlog
E:\我的坚果云\VS\数据结构\Sort\Sort\Debug\CL.write.1.tlog
E:\我的坚果云\VS\数据结构\Sort\Sort\Debug\link-cvtres.read.1.tlog
E:\我的坚果云\VS\数据结构\Sort\Sort\Debug\link-cvtres.write.1.tlog
E:\我的坚果云\VS\数据结构\Sort\Sort\Debug\link-rc.read.1.tlog
E:\我的坚果云\VS\数据结构\Sort\Sort\Debug\link-rc.write.1.tlog
E:\我的坚果云\VS\数据结构\Sort\Sort\Debug\link.2168-cvtres.read.1.tlog
E:\我的坚果云\VS\数据结构\Sort\Sort\Debug\link.2168-cvtres.write.1.tlog
E:\我的坚果云\VS\数据结构\Sort\Sort\Debug\link.2168-rc.read.1.tlog
E:\我的坚果云\VS\数据结构\Sort\Sort\Debug\link.2168-rc.write.1.tlog
E:\我的坚果云\VS\数据结构\Sort\Sort\Debug\link.2168.read.1.tlog
E:\我的坚果云\VS\数据结构\Sort\Sort\Debug\link.2168.write.1.tlog
E:\我的坚果云\VS\数据结构\Sort\Sort\Debug\link.6888-cvtres.read.1.tlog
E:\我的坚果云\VS\数据结构\Sort\Sort\Debug\link.6888-cvtres.write.1.tlog
E:\我的坚果云\VS\数据结构\Sort\Sort\Debug\link.6888-rc.read.1.tlog
E:\我的坚果云\VS\数据结构\Sort\Sort\Debug\link.6888-rc.write.1.tlog
E:\我的坚果云\VS\数据结构\Sort\Sort\Debug\link.6888.read.1.tlog
E:\我的坚果云\VS\数据结构\Sort\Sort\Debug\link.6888.write.1.tlog
E:\我的坚果云\VS\数据结构\Sort\Sort\Debug\link.7396-cvtres.read.1.tlog
E:\我的坚果云\VS\数据结构\Sort\Sort\Debug\link.7396-cvtres.write.1.tlog
E:\我的坚果云\VS\数据结构\Sort\Sort\Debug\link.7396-rc.read.1.tlog
E:\我的坚果云\VS\数据结构\Sort\Sort\Debug\link.7396-rc.write.1.tlog
E:\我的坚果云\VS\数据结构\Sort\Sort\Debug\link.7396.read.1.tlog
E:\我的坚果云\VS\数据结构\Sort\Sort\Debug\link.7396.write.1.tlog
E:\我的坚果云\VS\数据结构\Sort\Sort\Debug\link.9212-cvtres.read.1.tlog
E:\我的坚果云\VS\数据结构\Sort\Sort\Debug\link.9212-cvtres.write.1.tlog
E:\我的坚果云\VS\数据结构\Sort\Sort\Debug\link.9212-rc.read.1.tlog
E:\我的坚果云\VS\数据结构\Sort\Sort\Debug\link.9212-rc.write.1.tlog
E:\我的坚果云\VS\数据结构\Sort\Sort\Debug\link.9212.read.1.tlog
E:\我的坚果云\VS\数据结构\Sort\Sort\Debug\link.9212.write.1.tlog
E:\我的坚果云\VS\数据结构\Sort\Sort\Debug\link.command.1.tlog
E:\我的坚果云\VS\数据结构\Sort\Sort\Debug\link.read.1.tlog
E:\我的坚果云\VS\数据结构\Sort\Sort\Debug\link.write.1.tlog
E:\我的坚果云\VS\数据结构\Sort\Sort\Debug\vc110.idb
E:\我的坚果云\VS\数据结构\Sort\Sort\Debug\vc110.pdb
E:\我的坚果云\VS\数据结构\Sort\Debug\Sort.pdb
E:\我的坚果云\VS\数据结构\Sort\Debug\Sort.exe
E:\我的坚果云\VS\数据结构\Sort\Debug\Sort.ilk
